<?xml version="1.0" encoding="UTF-8"?>
<testng-results skipped="0" failed="1" total="12" passed="11">
  <reporter-output>
  </reporter-output>
  <suite name="TestNG Run All Test in one suite" duration-ms="52716" started-at="2020-12-08T22:29:16Z" finished-at="2020-12-08T22:30:09Z">
    <groups>
    </groups>
    <test name="run all classes in one test" duration-ms="52716" started-at="2020-12-08T22:29:16Z" finished-at="2020-12-08T22:30:09Z">
      <class name="TestNGFramework.TestNGInvocationCount">
        <test-method status="PASS" signature="checkInvocationCount()[pri:0, instance:TestNGFramework.TestNGInvocationCount@11666ad]" name="checkInvocationCount" duration-ms="31" started-at="2020-12-09T03:59:16Z" finished-at="2020-12-09T03:59:16Z">
          <reporter-output>
          </reporter-output>
        </test-method> <!-- checkInvocationCount -->
        <test-method status="PASS" signature="checkInvocationCount()[pri:0, instance:TestNGFramework.TestNGInvocationCount@11666ad]" name="checkInvocationCount" duration-ms="0" started-at="2020-12-09T03:59:16Z" finished-at="2020-12-09T03:59:16Z">
          <reporter-output>
          </reporter-output>
        </test-method> <!-- checkInvocationCount -->
        <test-method status="PASS" signature="checkInvocationCount()[pri:0, instance:TestNGFramework.TestNGInvocationCount@11666ad]" name="checkInvocationCount" duration-ms="0" started-at="2020-12-09T03:59:16Z" finished-at="2020-12-09T03:59:16Z">
          <reporter-output>
          </reporter-output>
        </test-method> <!-- checkInvocationCount -->
        <test-method status="PASS" signature="checkInvocationCount()[pri:0, instance:TestNGFramework.TestNGInvocationCount@11666ad]" name="checkInvocationCount" duration-ms="15" started-at="2020-12-09T03:59:16Z" finished-at="2020-12-09T03:59:16Z">
          <reporter-output>
          </reporter-output>
        </test-method> <!-- checkInvocationCount -->
        <test-method status="PASS" signature="checkInvocationCount()[pri:0, instance:TestNGFramework.TestNGInvocationCount@11666ad]" name="checkInvocationCount" duration-ms="0" started-at="2020-12-09T03:59:16Z" finished-at="2020-12-09T03:59:16Z">
          <reporter-output>
          </reporter-output>
        </test-method> <!-- checkInvocationCount -->
        <test-method status="PASS" signature="checkInvocationCount()[pri:0, instance:TestNGFramework.TestNGInvocationCount@11666ad]" name="checkInvocationCount" duration-ms="2" started-at="2020-12-09T03:59:16Z" finished-at="2020-12-09T03:59:16Z">
          <reporter-output>
          </reporter-output>
        </test-method> <!-- checkInvocationCount -->
        <test-method status="PASS" signature="checkInvocationCount()[pri:0, instance:TestNGFramework.TestNGInvocationCount@11666ad]" name="checkInvocationCount" duration-ms="2" started-at="2020-12-09T03:59:16Z" finished-at="2020-12-09T03:59:16Z">
          <reporter-output>
          </reporter-output>
        </test-method> <!-- checkInvocationCount -->
        <test-method status="PASS" signature="checkInvocationCount()[pri:0, instance:TestNGFramework.TestNGInvocationCount@11666ad]" name="checkInvocationCount" duration-ms="3" started-at="2020-12-09T03:59:16Z" finished-at="2020-12-09T03:59:16Z">
          <reporter-output>
          </reporter-output>
        </test-method> <!-- checkInvocationCount -->
        <test-method status="PASS" signature="checkInvocationCount()[pri:0, instance:TestNGFramework.TestNGInvocationCount@11666ad]" name="checkInvocationCount" duration-ms="3" started-at="2020-12-09T03:59:16Z" finished-at="2020-12-09T03:59:16Z">
          <reporter-output>
          </reporter-output>
        </test-method> <!-- checkInvocationCount -->
        <test-method status="PASS" signature="checkInvocationCount()[pri:0, instance:TestNGFramework.TestNGInvocationCount@11666ad]" name="checkInvocationCount" duration-ms="11" started-at="2020-12-09T03:59:16Z" finished-at="2020-12-09T03:59:16Z">
          <reporter-output>
          </reporter-output>
        </test-method> <!-- checkInvocationCount -->
      </class> <!-- TestNGFramework.TestNGInvocationCount -->
      <class name="TestNGFramework.TestNGGAssertions">
        <test-method status="PASS" signature="setup()[pri:0, instance:TestNGFramework.TestNGGAssertions@16d53b2]" name="setup" is-config="true" duration-ms="28930" started-at="2020-12-09T03:59:16Z" finished-at="2020-12-09T03:59:45Z">
          <reporter-output>
          </reporter-output>
        </test-method> <!-- setup -->
        <test-method status="PASS" signature="googleLogoTest()[pri:0, instance:TestNGFramework.TestNGGAssertions@16d53b2]" name="googleLogoTest" duration-ms="232" started-at="2020-12-09T03:59:45Z" finished-at="2020-12-09T03:59:45Z">
          <reporter-output>
          </reporter-output>
        </test-method> <!-- googleLogoTest -->
        <test-method status="PASS" signature="tearDown()[pri:0, instance:TestNGFramework.TestNGGAssertions@16d53b2]" name="tearDown" is-config="true" duration-ms="978" started-at="2020-12-09T03:59:45Z" finished-at="2020-12-09T03:59:46Z">
          <reporter-output>
          </reporter-output>
        </test-method> <!-- tearDown -->
        <test-method status="PASS" signature="setup()[pri:0, instance:TestNGFramework.TestNGGAssertions@16d53b2]" name="setup" is-config="true" duration-ms="21293" started-at="2020-12-09T03:59:46Z" finished-at="2020-12-09T04:00:07Z">
          <reporter-output>
          </reporter-output>
        </test-method> <!-- setup -->
        <test-method status="FAIL" signature="googleTitleTest()[pri:0, instance:TestNGFramework.TestNGGAssertions@16d53b2]" name="googleTitleTest" duration-ms="29" started-at="2020-12-09T04:00:07Z" finished-at="2020-12-09T04:00:08Z">
          <exception class="java.lang.AssertionError">
            <message>
              <![CDATA[title is not matched neeraj expected [Google123] but found [Google]]]>
            </message>
            <full-stacktrace>
              <![CDATA[java.lang.AssertionError: title is not matched neeraj expected [Google123] but found [Google]
	at org.testng.Assert.fail(Assert.java:94)
	at org.testng.Assert.failNotEquals(Assert.java:513)
	at org.testng.Assert.assertEqualsImpl(Assert.java:135)
	at org.testng.Assert.assertEquals(Assert.java:116)
	at org.testng.Assert.assertEquals(Assert.java:190)
	at TestNGFramework.TestNGGAssertions.googleTitleTest(TestNGGAssertions.java:36)
	at sun.reflect.NativeMethodAccessorImpl.invoke0(Native Method)
	at sun.reflect.NativeMethodAccessorImpl.invoke(Unknown Source)
	at sun.reflect.DelegatingMethodAccessorImpl.invoke(Unknown Source)
	at java.lang.reflect.Method.invoke(Unknown Source)
	at org.testng.internal.MethodInvocationHelper.invokeMethod(MethodInvocationHelper.java:100)
	at org.testng.internal.Invoker.invokeMethod(Invoker.java:646)
	at org.testng.internal.Invoker.invokeTestMethod(Invoker.java:811)
	at org.testng.internal.Invoker.invokeTestMethods(Invoker.java:1137)
	at org.testng.internal.TestMethodWorker.invokeTestMethods(TestMethodWorker.java:129)
	at org.testng.internal.TestMethodWorker.run(TestMethodWorker.java:112)
	at org.testng.TestRunner.privateRun(TestRunner.java:753)
	at org.testng.TestRunner.run(TestRunner.java:607)
	at org.testng.SuiteRunner.runTest(SuiteRunner.java:368)
	at org.testng.SuiteRunner.runSequentially(SuiteRunner.java:363)
	at org.testng.SuiteRunner.privateRun(SuiteRunner.java:321)
	at org.testng.SuiteRunner.run(SuiteRunner.java:270)
	at org.testng.SuiteRunnerWorker.runSuite(SuiteRunnerWorker.java:52)
	at org.testng.SuiteRunnerWorker.run(SuiteRunnerWorker.java:86)
	at org.testng.TestNG.runSuitesSequentially(TestNG.java:1284)
	at org.testng.TestNG.runSuitesLocally(TestNG.java:1209)
	at org.testng.TestNG.runSuites(TestNG.java:1124)
	at org.testng.TestNG.run(TestNG.java:1096)
	at org.testng.remote.AbstractRemoteTestNG.run(AbstractRemoteTestNG.java:132)
	at org.testng.remote.RemoteTestNG.initAndRun(RemoteTestNG.java:236)
	at org.testng.remote.RemoteTestNG.main(RemoteTestNG.java:81)
]]>
            </full-stacktrace>
          </exception> <!-- java.lang.AssertionError -->
          <reporter-output>
          </reporter-output>
        </test-method> <!-- googleTitleTest -->
        <test-method status="PASS" signature="tearDown()[pri:0, instance:TestNGFramework.TestNGGAssertions@16d53b2]" name="tearDown" is-config="true" duration-ms="1061" started-at="2020-12-09T04:00:08Z" finished-at="2020-12-09T04:00:09Z">
          <reporter-output>
          </reporter-output>
        </test-method> <!-- tearDown -->
      </class> <!-- TestNGFramework.TestNGGAssertions -->
    </test> <!-- run all classes in one test -->
  </suite> <!-- TestNG Run All Test in one suite -->
</testng-results>
